<?xml version="1.0" encoding="UTF-8"?>
<!-- Generated by org.testng.reporters.JUnitReportReporter -->
<testsuite skipped="0" hostname="DESKTOP-D6S55KB" name="step.com.crm.qa.testcases.HomePageTest" tests="3" failures="0" timestamp="26 Apr 2019 22:56:24 GMT" time="33.823" errors="0">
  <testcase name="verifyHomePageTitleTest" time="10.276" classname="step.com.crm.qa.testcases.HomePageTest"/>
  <testcase name="verifyUsernameTest" time="10.439" classname="step.com.crm.qa.testcases.HomePageTest"/>
  <testcase name="verifyContactsLinkTest" time="13.108" classname="step.com.crm.qa.testcases.HomePageTest"/>
</testsuite> <!-- step.com.crm.qa.testcases.HomePageTest -->
