<?xml version="1.0" encoding="UTF-8"?>
<!-- Generated by org.testng.reporters.JUnitReportReporter -->
<testsuite skipped="0" hostname="DESKTOP-D6S55KB" name="step.com.crm.qa.testcases.ContactsPageTest" tests="4" failures="0" timestamp="26 Apr 2019 22:56:24 GMT" time="54.189" errors="0">
  <testcase name="verifyContactsPageLabelTest" time="10.898" classname="step.com.crm.qa.testcases.ContactsPageTest"/>
  <testcase name="validateCreateNewContactTest" time="14.194" classname="step.com.crm.qa.testcases.ContactsPageTest"/>
  <testcase name="validateCreateNewContactTest" time="14.717" classname="step.com.crm.qa.testcases.ContactsPageTest"/>
  <testcase name="validateCreateNewContactTest" time="14.380" classname="step.com.crm.qa.testcases.ContactsPageTest"/>
</testsuite> <!-- step.com.crm.qa.testcases.ContactsPageTest -->
